<?xml version="1.0" encoding="UTF-8"?>
<coverage generated="1600669212793" clover="3.2.0">
  <project timestamp="1600669212794" name="All files">
    <metrics statements="53" coveredstatements="45" conditionals="31" coveredconditionals="14" methods="14" coveredmethods="13" elements="98" coveredelements="72" complexity="0" loc="53" ncloc="53" packages="1" files="3" classes="3"/>
    <file name="index.ts" path="D:\tabs-assignment2\packages\tabs\src\index.ts">
      <metrics statements="0" coveredstatements="0" conditionals="0" coveredconditionals="0" methods="0" coveredmethods="0"/>
    </file>
    <file name="orxe-tab-item.ts" path="D:\tabs-assignment2\packages\tabs\src\orxe-tab-item.ts">
      <metrics statements="44" coveredstatements="36" conditionals="31" coveredconditionals="14" methods="11" coveredmethods="10"/>
      <line num="16" count="9" type="stmt"/>
      <line num="23" count="9" type="stmt"/>
      <line num="30" count="9" type="stmt"/>
      <line num="37" count="9" type="stmt"/>
      <line num="43" count="10" type="stmt"/>
      <line num="44" count="10" type="stmt"/>
      <line num="45" count="10" type="stmt"/>
      <line num="46" count="10" type="cond" truecount="1" falsecount="1"/>
      <line num="47" count="0" type="stmt"/>
      <line num="49" count="10" type="stmt"/>
      <line num="51" count="10" type="stmt"/>
      <line num="52" count="10" type="stmt"/>
      <line num="53" count="10" type="stmt"/>
      <line num="60" count="21" type="cond" truecount="1" falsecount="1"/>
      <line num="69" count="21" type="stmt"/>
      <line num="70" count="21" type="cond" truecount="1" falsecount="1"/>
      <line num="71" count="0" type="stmt"/>
      <line num="77" count="21" type="stmt"/>
      <line num="83" count="21" type="stmt"/>
      <line num="84" count="21" type="cond" truecount="1" falsecount="1"/>
      <line num="85" count="0" type="stmt"/>
      <line num="91" count="21" type="stmt"/>
      <line num="98" count="11" type="stmt"/>
      <line num="99" count="11" type="cond" truecount="1" falsecount="1"/>
      <line num="101" count="11" type="stmt"/>
      <line num="102" count="11" type="cond" truecount="2" falsecount="0"/>
      <line num="103" count="9" type="cond" truecount="1" falsecount="1"/>
      <line num="104" count="9" type="stmt"/>
      <line num="107" count="11" type="cond" truecount="1" falsecount="1"/>
      <line num="108" count="11" type="stmt"/>
      <line num="117" count="15" type="cond" truecount="1" falsecount="1"/>
      <line num="118" count="15" type="stmt"/>
      <line num="124" count="2" type="stmt"/>
      <line num="125" count="2" type="cond" truecount="1" falsecount="1"/>
      <line num="126" count="2" type="stmt"/>
      <line num="127" count="2" type="cond" truecount="2" falsecount="0"/>
      <line num="136" count="11" type="cond" truecount="1" falsecount="1"/>
      <line num="137" count="11" type="stmt"/>
      <line num="138" count="0" type="cond" truecount="0" falsecount="2"/>
      <line num="139" count="0" type="stmt"/>
      <line num="147" count="0" type="cond" truecount="0" falsecount="5"/>
      <line num="148" count="0" type="stmt"/>
      <line num="149" count="0" type="stmt"/>
      <line num="153" count="4" type="stmt"/>
    </file>
    <file name="orxe-tabs.ts" path="D:\tabs-assignment2\packages\tabs\src\orxe-tabs.ts">
      <metrics statements="9" coveredstatements="9" conditionals="0" coveredconditionals="0" methods="3" coveredmethods="3"/>
      <line num="13" count="3" type="stmt"/>
      <line num="21" count="3" type="stmt"/>
      <line num="27" count="3" type="stmt"/>
      <line num="28" count="3" type="stmt"/>
      <line num="29" count="3" type="stmt"/>
      <line num="36" count="3" type="stmt"/>
      <line num="37" count="3" type="stmt"/>
      <line num="44" count="6" type="stmt"/>
      <line num="53" count="4" type="stmt"/>
    </file>
  </project>
</coverage>
