{"D:\\tabs-assignment2\\packages\\tabs\\src\\index.ts": {"path":"D:\\tabs-assignment2\\packages\\tabs\\src\\index.ts","statementMap":{},"fnMap":{},"branchMap":{},"s":{},"f":{},"b":{},"_coverageSchema":"1a1c01bbd47fc00a2c39e90264f33305004495a9","hash":"4016a984464bc00e71cbc8912115d1f9b9caca6f"}
,"D:\\tabs-assignment2\\packages\\tabs\\src\\orxe-tab-item.ts": {"path":"D:\\tabs-assignment2\\packages\\tabs\\src\\orxe-tab-item.ts","statementMap":{"0":{"start":{"line":16,"column":11},"end":{"line":16,"column":16}},"1":{"start":{"line":23,"column":13},"end":{"line":23,"column":18}},"2":{"start":{"line":30,"column":9},"end":{"line":30,"column":11}},"3":{"start":{"line":37,"column":11},"end":{"line":37,"column":16}},"4":{"start":{"line":43,"column":4},"end":{"line":43,"column":46}},"5":{"start":{"line":44,"column":4},"end":{"line":44,"column":25}},"6":{"start":{"line":45,"column":4},"end":{"line":45,"column":37}},"7":{"start":{"line":46,"column":4},"end":{"line":50,"column":5}},"8":{"start":{"line":47,"column":6},"end":{"line":47,"column":42}},"9":{"start":{"line":49,"column":6},"end":{"line":49,"column":41}},"10":{"start":{"line":51,"column":5},"end":{"line":51,"column":24}},"11":{"start":{"line":52,"column":4},"end":{"line":52,"column":51}},"12":{"start":{"line":53,"column":4},"end":{"line":53,"column":50}},"13":{"start":{"line":60,"column":6},"end":{"line":62,"column":14}},"14":{"start":{"line":69,"column":17},"end":{"line":69,"column":24}},"15":{"start":{"line":70,"column":4},"end":{"line":76,"column":5}},"16":{"start":{"line":71,"column":8},"end":{"line":75,"column":4}},"17":{"start":{"line":77,"column":4},"end":{"line":77,"column":18}},"18":{"start":{"line":83,"column":19},"end":{"line":83,"column":26}},"19":{"start":{"line":84,"column":6},"end":{"line":90,"column":7}},"20":{"start":{"line":85,"column":10},"end":{"line":89,"column":8}},"21":{"start":{"line":91,"column":6},"end":{"line":91,"column":20}},"22":{"start":{"line":98,"column":17},"end":{"line":98,"column":32}},"23":{"start":{"line":99,"column":4},"end":{"line":109,"column":5}},"24":{"start":{"line":101,"column":6},"end":{"line":105,"column":9}},"25":{"start":{"line":102,"column":8},"end":{"line":104,"column":35}},"26":{"start":{"line":102,"column":39},"end":{"line":102,"column":58}},"27":{"start":{"line":103,"column":13},"end":{"line":104,"column":35}},"28":{"start":{"line":103,"column":50},"end":{"line":103,"column":72}},"29":{"start":{"line":104,"column":13},"end":{"line":104,"column":35}},"30":{"start":{"line":107,"column":6},"end":{"line":108,"column":35}},"31":{"start":{"line":108,"column":6},"end":{"line":108,"column":35}},"32":{"start":{"line":117,"column":4},"end":{"line":118,"column":78}},"33":{"start":{"line":118,"column":6},"end":{"line":118,"column":78}},"34":{"start":{"line":124,"column":17},"end":{"line":124,"column":32}},"35":{"start":{"line":125,"column":4},"end":{"line":129,"column":5}},"36":{"start":{"line":126,"column":6},"end":{"line":128,"column":9}},"37":{"start":{"line":127,"column":8},"end":{"line":127,"column":71}},"38":{"start":{"line":127,"column":41},"end":{"line":127,"column":71}},"39":{"start":{"line":136,"column":6},"end":{"line":140,"column":7}},"40":{"start":{"line":137,"column":8},"end":{"line":137,"column":44}},"41":{"start":{"line":138,"column":14},"end":{"line":140,"column":7}},"42":{"start":{"line":139,"column":8},"end":{"line":139,"column":58}},"43":{"start":{"line":147,"column":4},"end":{"line":150,"column":5}},"44":{"start":{"line":148,"column":6},"end":{"line":148,"column":19}},"45":{"start":{"line":149,"column":6},"end":{"line":149,"column":36}},"46":{"start":{"line":153,"column":18},"end":{"line":153,"column":28}}},"fnMap":{"0":{"name":"(anonymous_0)","decl":{"start":{"line":42,"column":2},"end":{"line":42,"column":3}},"loc":{"start":{"line":42,"column":17},"end":{"line":54,"column":3}},"line":42},"1":{"name":"(anonymous_1)","decl":{"start":{"line":59,"column":2},"end":{"line":59,"column":3}},"loc":{"start":{"line":59,"column":11},"end":{"line":63,"column":3}},"line":59},"2":{"name":"(anonymous_2)","decl":{"start":{"line":68,"column":2},"end":{"line":68,"column":3}},"loc":{"start":{"line":68,"column":15},"end":{"line":78,"column":3}},"line":68},"3":{"name":"(anonymous_3)","decl":{"start":{"line":82,"column":2},"end":{"line":82,"column":3}},"loc":{"start":{"line":82,"column":16},"end":{"line":92,"column":3}},"line":82},"4":{"name":"(anonymous_4)","decl":{"start":{"line":97,"column":2},"end":{"line":97,"column":3}},"loc":{"start":{"line":97,"column":16},"end":{"line":111,"column":3}},"line":97},"5":{"name":"(anonymous_5)","decl":{"start":{"line":101,"column":19},"end":{"line":101,"column":20}},"loc":{"start":{"line":101,"column":26},"end":{"line":105,"column":7}},"line":101},"6":{"name":"(anonymous_6)","decl":{"start":{"line":116,"column":2},"end":{"line":116,"column":3}},"loc":{"start":{"line":116,"column":13},"end":{"line":119,"column":3}},"line":116},"7":{"name":"(anonymous_7)","decl":{"start":{"line":123,"column":2},"end":{"line":123,"column":3}},"loc":{"start":{"line":123,"column":10},"end":{"line":130,"column":3}},"line":123},"8":{"name":"(anonymous_8)","decl":{"start":{"line":126,"column":19},"end":{"line":126,"column":20}},"loc":{"start":{"line":126,"column":28},"end":{"line":128,"column":7}},"line":126},"9":{"name":"(anonymous_9)","decl":{"start":{"line":135,"column":2},"end":{"line":135,"column":3}},"loc":{"start":{"line":135,"column":21},"end":{"line":141,"column":3}},"line":135},"10":{"name":"(anonymous_10)","decl":{"start":{"line":146,"column":2},"end":{"line":146,"column":3}},"loc":{"start":{"line":146,"column":18},"end":{"line":151,"column":3}},"line":146}},"branchMap":{"0":{"loc":{"start":{"line":46,"column":4},"end":{"line":50,"column":5}},"type":"if","locations":[{"start":{"line":46,"column":4},"end":{"line":50,"column":5}},{"start":{"line":46,"column":4},"end":{"line":50,"column":5}}],"line":46},"1":{"loc":{"start":{"line":60,"column":32},"end":{"line":60,"column":70}},"type":"cond-expr","locations":[{"start":{"line":60,"column":46},"end":{"line":60,"column":57}},{"start":{"line":60,"column":60},"end":{"line":60,"column":70}}],"line":60},"2":{"loc":{"start":{"line":70,"column":4},"end":{"line":76,"column":5}},"type":"if","locations":[{"start":{"line":70,"column":4},"end":{"line":76,"column":5}},{"start":{"line":70,"column":4},"end":{"line":76,"column":5}}],"line":70},"3":{"loc":{"start":{"line":84,"column":6},"end":{"line":90,"column":7}},"type":"if","locations":[{"start":{"line":84,"column":6},"end":{"line":90,"column":7}},{"start":{"line":84,"column":6},"end":{"line":90,"column":7}}],"line":84},"4":{"loc":{"start":{"line":99,"column":4},"end":{"line":109,"column":5}},"type":"if","locations":[{"start":{"line":99,"column":4},"end":{"line":109,"column":5}},{"start":{"line":99,"column":4},"end":{"line":109,"column":5}}],"line":99},"5":{"loc":{"start":{"line":102,"column":8},"end":{"line":104,"column":35}},"type":"if","locations":[{"start":{"line":102,"column":8},"end":{"line":104,"column":35}},{"start":{"line":102,"column":8},"end":{"line":104,"column":35}}],"line":102},"6":{"loc":{"start":{"line":103,"column":13},"end":{"line":104,"column":35}},"type":"if","locations":[{"start":{"line":103,"column":13},"end":{"line":104,"column":35}},{"start":{"line":103,"column":13},"end":{"line":104,"column":35}}],"line":103},"7":{"loc":{"start":{"line":107,"column":6},"end":{"line":108,"column":35}},"type":"if","locations":[{"start":{"line":107,"column":6},"end":{"line":108,"column":35}},{"start":{"line":107,"column":6},"end":{"line":108,"column":35}}],"line":107},"8":{"loc":{"start":{"line":117,"column":4},"end":{"line":118,"column":78}},"type":"if","locations":[{"start":{"line":117,"column":4},"end":{"line":118,"column":78}},{"start":{"line":117,"column":4},"end":{"line":118,"column":78}}],"line":117},"9":{"loc":{"start":{"line":125,"column":4},"end":{"line":129,"column":5}},"type":"if","locations":[{"start":{"line":125,"column":4},"end":{"line":129,"column":5}},{"start":{"line":125,"column":4},"end":{"line":129,"column":5}}],"line":125},"10":{"loc":{"start":{"line":127,"column":8},"end":{"line":127,"column":71}},"type":"if","locations":[{"start":{"line":127,"column":8},"end":{"line":127,"column":71}},{"start":{"line":127,"column":8},"end":{"line":127,"column":71}}],"line":127},"11":{"loc":{"start":{"line":136,"column":6},"end":{"line":140,"column":7}},"type":"if","locations":[{"start":{"line":136,"column":6},"end":{"line":140,"column":7}},{"start":{"line":136,"column":6},"end":{"line":140,"column":7}}],"line":136},"12":{"loc":{"start":{"line":138,"column":14},"end":{"line":140,"column":7}},"type":"if","locations":[{"start":{"line":138,"column":14},"end":{"line":140,"column":7}},{"start":{"line":138,"column":14},"end":{"line":140,"column":7}}],"line":138},"13":{"loc":{"start":{"line":147,"column":4},"end":{"line":150,"column":5}},"type":"if","locations":[{"start":{"line":147,"column":4},"end":{"line":150,"column":5}},{"start":{"line":147,"column":4},"end":{"line":150,"column":5}}],"line":147},"14":{"loc":{"start":{"line":147,"column":7},"end":{"line":147,"column":64}},"type":"binary-expr","locations":[{"start":{"line":147,"column":7},"end":{"line":147,"column":26}},{"start":{"line":147,"column":30},"end":{"line":147,"column":41}},{"start":{"line":147,"column":45},"end":{"line":147,"column":64}}],"line":147}},"s":{"0":9,"1":9,"2":9,"3":9,"4":10,"5":10,"6":10,"7":10,"8":0,"9":10,"10":10,"11":10,"12":10,"13":21,"14":21,"15":21,"16":0,"17":21,"18":21,"19":21,"20":0,"21":21,"22":11,"23":11,"24":11,"25":11,"26":2,"27":9,"28":0,"29":9,"30":11,"31":11,"32":15,"33":15,"34":2,"35":2,"36":2,"37":2,"38":1,"39":11,"40":11,"41":0,"42":0,"43":0,"44":0,"45":0,"46":4},"f":{"0":10,"1":21,"2":21,"3":21,"4":11,"5":11,"6":15,"7":2,"8":2,"9":11,"10":0},"b":{"0":[0,10],"1":[0,21],"2":[0,21],"3":[0,21],"4":[11,0],"5":[2,9],"6":[0,9],"7":[11,0],"8":[15,0],"9":[2,0],"10":[1,1],"11":[11,0],"12":[0,0],"13":[0,0],"14":[0,0,0]},"_coverageSchema":"1a1c01bbd47fc00a2c39e90264f33305004495a9","hash":"d5ab955edf7be1efac77cd6e79abbb2afe79c639"}
,"D:\\tabs-assignment2\\packages\\tabs\\src\\orxe-tabs.ts": {"path":"D:\\tabs-assignment2\\packages\\tabs\\src\\orxe-tabs.ts","statementMap":{"0":{"start":{"line":13,"column":9},"end":{"line":13,"column":20}},"1":{"start":{"line":21,"column":16},"end":{"line":21,"column":28}},"2":{"start":{"line":27,"column":4},"end":{"line":27,"column":44}},"3":{"start":{"line":28,"column":4},"end":{"line":28,"column":41}},"4":{"start":{"line":29,"column":4},"end":{"line":29,"column":60}},"5":{"start":{"line":36,"column":4},"end":{"line":36,"column":25}},"6":{"start":{"line":37,"column":4},"end":{"line":37,"column":32}},"7":{"start":{"line":44,"column":4},"end":{"line":46,"column":6}},"8":{"start":{"line":53,"column":18},"end":{"line":53,"column":24}}},"fnMap":{"0":{"name":"(anonymous_0)","decl":{"start":{"line":26,"column":2},"end":{"line":26,"column":3}},"loc":{"start":{"line":26,"column":25},"end":{"line":30,"column":3}},"line":26},"1":{"name":"(anonymous_1)","decl":{"start":{"line":35,"column":2},"end":{"line":35,"column":3}},"loc":{"start":{"line":35,"column":17},"end":{"line":38,"column":3}},"line":35},"2":{"name":"(anonymous_2)","decl":{"start":{"line":43,"column":2},"end":{"line":43,"column":3}},"loc":{"start":{"line":43,"column":11},"end":{"line":47,"column":3}},"line":43}},"branchMap":{},"s":{"0":3,"1":3,"2":3,"3":3,"4":3,"5":3,"6":3,"7":6,"8":4},"f":{"0":3,"1":3,"2":6},"b":{},"_coverageSchema":"1a1c01bbd47fc00a2c39e90264f33305004495a9","hash":"3cdddcd33d3126a665df959ea360c7dd71d0f395"}
}
