TN:
SF:src\index.ts
FNF:0
FNH:0
LF:0
LH:0
BRF:0
BRH:0
end_of_record
TN:
SF:src\orxe-tab-item.ts
FN:42,(anonymous_0)
FN:59,(anonymous_1)
FN:68,(anonymous_2)
FN:82,(anonymous_3)
FN:97,(anonymous_4)
FN:101,(anonymous_5)
FN:116,(anonymous_6)
FN:123,(anonymous_7)
FN:126,(anonymous_8)
FN:135,(anonymous_9)
FN:146,(anonymous_10)
FNF:11
FNH:10
FNDA:10,(anonymous_0)
FNDA:21,(anonymous_1)
FNDA:21,(anonymous_2)
FNDA:21,(anonymous_3)
FNDA:11,(anonymous_4)
FNDA:11,(anonymous_5)
FNDA:15,(anonymous_6)
FNDA:2,(anonymous_7)
FNDA:2,(anonymous_8)
FNDA:11,(anonymous_9)
FNDA:0,(anonymous_10)
DA:16,9
DA:23,9
DA:30,9
DA:37,9
DA:43,10
DA:44,10
DA:45,10
DA:46,10
DA:47,0
DA:49,10
DA:51,10
DA:52,10
DA:53,10
DA:60,21
DA:69,21
DA:70,21
DA:71,0
DA:77,21
DA:83,21
DA:84,21
DA:85,0
DA:91,21
DA:98,11
DA:99,11
DA:101,11
DA:102,11
DA:103,9
DA:104,9
DA:107,11
DA:108,11
DA:117,15
DA:118,15
DA:124,2
DA:125,2
DA:126,2
DA:127,2
DA:136,11
DA:137,11
DA:138,0
DA:139,0
DA:147,0
DA:148,0
DA:149,0
DA:153,4
LF:44
LH:36
BRDA:46,0,0,0
BRDA:46,0,1,10
BRDA:60,1,0,0
BRDA:60,1,1,21
BRDA:70,2,0,0
BRDA:70,2,1,21
BRDA:84,3,0,0
BRDA:84,3,1,21
BRDA:99,4,0,11
BRDA:99,4,1,0
BRDA:102,5,0,2
BRDA:102,5,1,9
BRDA:103,6,0,0
BRDA:103,6,1,9
BRDA:107,7,0,11
BRDA:107,7,1,0
BRDA:117,8,0,15
BRDA:117,8,1,0
BRDA:125,9,0,2
BRDA:125,9,1,0
BRDA:127,10,0,1
BRDA:127,10,1,1
BRDA:136,11,0,11
BRDA:136,11,1,0
BRDA:138,12,0,0
BRDA:138,12,1,0
BRDA:147,13,0,0
BRDA:147,13,1,0
BRDA:147,14,0,0
BRDA:147,14,1,0
BRDA:147,14,2,0
BRF:31
BRH:14
end_of_record
TN:
SF:src\orxe-tabs.ts
FN:26,(anonymous_0)
FN:35,(anonymous_1)
FN:43,(anonymous_2)
FNF:3
FNH:3
FNDA:3,(anonymous_0)
FNDA:3,(anonymous_1)
FNDA:6,(anonymous_2)
DA:13,3
DA:21,3
DA:27,3
DA:28,3
DA:29,3
DA:36,3
DA:37,3
DA:44,6
DA:53,4
LF:9
LH:9
BRF:0
BRH:0
end_of_record
